  Base.cpp
  Camera.cpp
C:\Users\Mgh\Desktop\팔 붕붕이\Framework\Engine\Public\Camera.h(29,10): warning C4251: 'Engine::CCamera::m_vOffset': struct 'D3DXVECTOR3'에서는 class 'Engine::CCamera'의 클라이언트에서 DLL 인터페이스를 사용하도록 지정해야 합니다.
C:\Program Files (x86)\Microsoft DirectX SDK (June 2010)\Include\d3dx9math.h(162): message : 'D3DXVECTOR3' 선언을 참조하십시오.
C:\Users\Mgh\Desktop\팔 붕붕이\Framework\Engine\Public\Camera.h(30,13): warning C4251: 'Engine::CCamera::m_matView': struct 'D3DXMATRIX'에서는 class 'Engine::CCamera'의 클라이언트에서 DLL 인터페이스를 사용하도록 지정해야 합니다.
C:\Program Files (x86)\Microsoft DirectX SDK (June 2010)\Include\d3dx9math.h(312): message : 'D3DXMATRIX' 선언을 참조하십시오.
C:\Users\Mgh\Desktop\팔 붕붕이\Framework\Engine\Public\Camera.h(31,13): warning C4251: 'Engine::CCamera::m_matProj': struct 'D3DXMATRIX'에서는 class 'Engine::CCamera'의 클라이언트에서 DLL 인터페이스를 사용하도록 지정해야 합니다.
C:\Program Files (x86)\Microsoft DirectX SDK (June 2010)\Include\d3dx9math.h(312): message : 'D3DXMATRIX' 선언을 참조하십시오.
  Component.cpp
  Component_Manager.cpp
C:\Users\Mgh\Desktop\팔 붕붕이\Framework\Engine\Public\Renderer.h(30,30): warning C4251: 'Engine::CRenderer::m_RenderObjects': class 'std::list<Engine::CGameObject *,std::allocator<Engine::CGameObject *>>'에서는 class 'Engine::CRenderer'의 클라이언트에서 DLL 인터페이스를 사용하도록 지정해야 합니다.
C:\Users\Mgh\Desktop\팔 붕붕이\Framework\Engine\Public\Renderer.h(30): message : 'std::list<Engine::CGameObject *,std::allocator<Engine::CGameObject *>>' 선언을 참조하십시오.
C:\Users\Mgh\Desktop\팔 붕붕이\Framework\Engine\Public\Transform.h(29,10): warning C4251: 'Engine::CTransform::m_vPosition': struct 'D3DXVECTOR3'에서는 class 'Engine::CTransform'의 클라이언트에서 DLL 인터페이스를 사용하도록 지정해야 합니다.
C:\Program Files (x86)\Microsoft DirectX SDK (June 2010)\Include\d3dx9math.h(162): message : 'D3DXVECTOR3' 선언을 참조하십시오.
C:\Users\Mgh\Desktop\팔 붕붕이\Framework\Engine\Public\Transform.h(30,10): warning C4251: 'Engine::CTransform::m_vAngle': struct 'D3DXVECTOR3'에서는 class 'Engine::CTransform'의 클라이언트에서 DLL 인터페이스를 사용하도록 지정해야 합니다.
C:\Program Files (x86)\Microsoft DirectX SDK (June 2010)\Include\d3dx9math.h(162): message : 'D3DXVECTOR3' 선언을 참조하십시오.
C:\Users\Mgh\Desktop\팔 붕붕이\Framework\Engine\Public\Transform.h(31,10): warning C4251: 'Engine::CTransform::m_vScale': struct 'D3DXVECTOR3'에서는 class 'Engine::CTransform'의 클라이언트에서 DLL 인터페이스를 사용하도록 지정해야 합니다.
C:\Program Files (x86)\Microsoft DirectX SDK (June 2010)\Include\d3dx9math.h(162): message : 'D3DXVECTOR3' 선언을 참조하십시오.
C:\Users\Mgh\Desktop\팔 붕붕이\Framework\Engine\Public\Transform.h(33,12): warning C4251: 'Engine::CTransform::m_matWorld': struct 'D3DXMATRIX'에서는 class 'Engine::CTransform'의 클라이언트에서 DLL 인터페이스를 사용하도록 지정해야 합니다.
C:\Program Files (x86)\Microsoft DirectX SDK (June 2010)\Include\d3dx9math.h(312): message : 'D3DXMATRIX' 선언을 참조하십시오.
C:\Users\Mgh\Desktop\팔 붕붕이\Framework\Engine\Public\Camera.h(29,10): warning C4251: 'Engine::CCamera::m_vOffset': struct 'D3DXVECTOR3'에서는 class 'Engine::CCamera'의 클라이언트에서 DLL 인터페이스를 사용하도록 지정해야 합니다.
C:\Program Files (x86)\Microsoft DirectX SDK (June 2010)\Include\d3dx9math.h(162): message : 'D3DXVECTOR3' 선언을 참조하십시오.
C:\Users\Mgh\Desktop\팔 붕붕이\Framework\Engine\Public\Camera.h(30,13): warning C4251: 'Engine::CCamera::m_matView': struct 'D3DXMATRIX'에서는 class 'Engine::CCamera'의 클라이언트에서 DLL 인터페이스를 사용하도록 지정해야 합니다.
C:\Program Files (x86)\Microsoft DirectX SDK (June 2010)\Include\d3dx9math.h(312): message : 'D3DXMATRIX' 선언을 참조하십시오.
C:\Users\Mgh\Desktop\팔 붕붕이\Framework\Engine\Public\Camera.h(31,13): warning C4251: 'Engine::CCamera::m_matProj': struct 'D3DXMATRIX'에서는 class 'Engine::CCamera'의 클라이언트에서 DLL 인터페이스를 사용하도록 지정해야 합니다.
C:\Program Files (x86)\Microsoft DirectX SDK (June 2010)\Include\d3dx9math.h(312): message : 'D3DXMATRIX' 선언을 참조하십시오.
  FirstPersonCamera.cpp
C:\Users\Mgh\Desktop\팔 붕붕이\Framework\Engine\Public\Camera.h(29,10): warning C4251: 'Engine::CCamera::m_vOffset': struct 'D3DXVECTOR3'에서는 class 'Engine::CCamera'의 클라이언트에서 DLL 인터페이스를 사용하도록 지정해야 합니다.
C:\Program Files (x86)\Microsoft DirectX SDK (June 2010)\Include\d3dx9math.h(162): message : 'D3DXVECTOR3' 선언을 참조하십시오.
C:\Users\Mgh\Desktop\팔 붕붕이\Framework\Engine\Public\Camera.h(30,13): warning C4251: 'Engine::CCamera::m_matView': struct 'D3DXMATRIX'에서는 class 'Engine::CCamera'의 클라이언트에서 DLL 인터페이스를 사용하도록 지정해야 합니다.
C:\Program Files (x86)\Microsoft DirectX SDK (June 2010)\Include\d3dx9math.h(312): message : 'D3DXMATRIX' 선언을 참조하십시오.
C:\Users\Mgh\Desktop\팔 붕붕이\Framework\Engine\Public\Camera.h(31,13): warning C4251: 'Engine::CCamera::m_matProj': struct 'D3DXMATRIX'에서는 class 'Engine::CCamera'의 클라이언트에서 DLL 인터페이스를 사용하도록 지정해야 합니다.
C:\Program Files (x86)\Microsoft DirectX SDK (June 2010)\Include\d3dx9math.h(312): message : 'D3DXMATRIX' 선언을 참조하십시오.
  GameInstance.cpp
C:\Users\Mgh\Desktop\팔 붕붕이\Framework\Engine\Public\Renderer.h(30,30): warning C4251: 'Engine::CRenderer::m_RenderObjects': class 'std::list<Engine::CGameObject *,std::allocator<Engine::CGameObject *>>'에서는 class 'Engine::CRenderer'의 클라이언트에서 DLL 인터페이스를 사용하도록 지정해야 합니다.
C:\Users\Mgh\Desktop\팔 붕붕이\Framework\Engine\Public\Renderer.h(30): message : 'std::list<Engine::CGameObject *,std::allocator<Engine::CGameObject *>>' 선언을 참조하십시오.
C:\Users\Mgh\Desktop\팔 붕붕이\Framework\Engine\Public\Transform.h(29,10): warning C4251: 'Engine::CTransform::m_vPosition': struct 'D3DXVECTOR3'에서는 class 'Engine::CTransform'의 클라이언트에서 DLL 인터페이스를 사용하도록 지정해야 합니다.
C:\Program Files (x86)\Microsoft DirectX SDK (June 2010)\Include\d3dx9math.h(162): message : 'D3DXVECTOR3' 선언을 참조하십시오.
C:\Users\Mgh\Desktop\팔 붕붕이\Framework\Engine\Public\Transform.h(30,10): warning C4251: 'Engine::CTransform::m_vAngle': struct 'D3DXVECTOR3'에서는 class 'Engine::CTransform'의 클라이언트에서 DLL 인터페이스를 사용하도록 지정해야 합니다.
C:\Program Files (x86)\Microsoft DirectX SDK (June 2010)\Include\d3dx9math.h(162): message : 'D3DXVECTOR3' 선언을 참조하십시오.
C:\Users\Mgh\Desktop\팔 붕붕이\Framework\Engine\Public\Transform.h(31,10): warning C4251: 'Engine::CTransform::m_vScale': struct 'D3DXVECTOR3'에서는 class 'Engine::CTransform'의 클라이언트에서 DLL 인터페이스를 사용하도록 지정해야 합니다.
C:\Program Files (x86)\Microsoft DirectX SDK (June 2010)\Include\d3dx9math.h(162): message : 'D3DXVECTOR3' 선언을 참조하십시오.
C:\Users\Mgh\Desktop\팔 붕붕이\Framework\Engine\Public\Transform.h(33,12): warning C4251: 'Engine::CTransform::m_matWorld': struct 'D3DXMATRIX'에서는 class 'Engine::CTransform'의 클라이언트에서 DLL 인터페이스를 사용하도록 지정해야 합니다.
C:\Program Files (x86)\Microsoft DirectX SDK (June 2010)\Include\d3dx9math.h(312): message : 'D3DXMATRIX' 선언을 참조하십시오.
C:\Users\Mgh\Desktop\팔 붕붕이\Framework\Engine\Public\Camera.h(29,10): warning C4251: 'Engine::CCamera::m_vOffset': struct 'D3DXVECTOR3'에서는 class 'Engine::CCamera'의 클라이언트에서 DLL 인터페이스를 사용하도록 지정해야 합니다.
C:\Program Files (x86)\Microsoft DirectX SDK (June 2010)\Include\d3dx9math.h(162): message : 'D3DXVECTOR3' 선언을 참조하십시오.
C:\Users\Mgh\Desktop\팔 붕붕이\Framework\Engine\Public\Camera.h(30,13): warning C4251: 'Engine::CCamera::m_matView': struct 'D3DXMATRIX'에서는 class 'Engine::CCamera'의 클라이언트에서 DLL 인터페이스를 사용하도록 지정해야 합니다.
C:\Program Files (x86)\Microsoft DirectX SDK (June 2010)\Include\d3dx9math.h(312): message : 'D3DXMATRIX' 선언을 참조하십시오.
C:\Users\Mgh\Desktop\팔 붕붕이\Framework\Engine\Public\Camera.h(31,13): warning C4251: 'Engine::CCamera::m_matProj': struct 'D3DXMATRIX'에서는 class 'Engine::CCamera'의 클라이언트에서 DLL 인터페이스를 사용하도록 지정해야 합니다.
C:\Program Files (x86)\Microsoft DirectX SDK (June 2010)\Include\d3dx9math.h(312): message : 'D3DXMATRIX' 선언을 참조하십시오.
  GameObject.cpp
  Graphic_Device.cpp
  Layer.cpp
  Level.cpp
  Level_Manager.cpp
C:\Users\Mgh\Desktop\팔 붕붕이\Framework\Engine\Public\Renderer.h(30,30): warning C4251: 'Engine::CRenderer::m_RenderObjects': class 'std::list<Engine::CGameObject *,std::allocator<Engine::CGameObject *>>'에서는 class 'Engine::CRenderer'의 클라이언트에서 DLL 인터페이스를 사용하도록 지정해야 합니다.
C:\Users\Mgh\Desktop\팔 붕붕이\Framework\Engine\Public\Renderer.h(30): message : 'std::list<Engine::CGameObject *,std::allocator<Engine::CGameObject *>>' 선언을 참조하십시오.
C:\Users\Mgh\Desktop\팔 붕붕이\Framework\Engine\Public\Transform.h(29,10): warning C4251: 'Engine::CTransform::m_vPosition': struct 'D3DXVECTOR3'에서는 class 'Engine::CTransform'의 클라이언트에서 DLL 인터페이스를 사용하도록 지정해야 합니다.
C:\Program Files (x86)\Microsoft DirectX SDK (June 2010)\Include\d3dx9math.h(162): message : 'D3DXVECTOR3' 선언을 참조하십시오.
C:\Users\Mgh\Desktop\팔 붕붕이\Framework\Engine\Public\Transform.h(30,10): warning C4251: 'Engine::CTransform::m_vAngle': struct 'D3DXVECTOR3'에서는 class 'Engine::CTransform'의 클라이언트에서 DLL 인터페이스를 사용하도록 지정해야 합니다.
C:\Program Files (x86)\Microsoft DirectX SDK (June 2010)\Include\d3dx9math.h(162): message : 'D3DXVECTOR3' 선언을 참조하십시오.
C:\Users\Mgh\Desktop\팔 붕붕이\Framework\Engine\Public\Transform.h(31,10): warning C4251: 'Engine::CTransform::m_vScale': struct 'D3DXVECTOR3'에서는 class 'Engine::CTransform'의 클라이언트에서 DLL 인터페이스를 사용하도록 지정해야 합니다.
C:\Program Files (x86)\Microsoft DirectX SDK (June 2010)\Include\d3dx9math.h(162): message : 'D3DXVECTOR3' 선언을 참조하십시오.
C:\Users\Mgh\Desktop\팔 붕붕이\Framework\Engine\Public\Transform.h(33,12): warning C4251: 'Engine::CTransform::m_matWorld': struct 'D3DXMATRIX'에서는 class 'Engine::CTransform'의 클라이언트에서 DLL 인터페이스를 사용하도록 지정해야 합니다.
C:\Program Files (x86)\Microsoft DirectX SDK (June 2010)\Include\d3dx9math.h(312): message : 'D3DXMATRIX' 선언을 참조하십시오.
C:\Users\Mgh\Desktop\팔 붕붕이\Framework\Engine\Public\Camera.h(29,10): warning C4251: 'Engine::CCamera::m_vOffset': struct 'D3DXVECTOR3'에서는 class 'Engine::CCamera'의 클라이언트에서 DLL 인터페이스를 사용하도록 지정해야 합니다.
C:\Program Files (x86)\Microsoft DirectX SDK (June 2010)\Include\d3dx9math.h(162): message : 'D3DXVECTOR3' 선언을 참조하십시오.
C:\Users\Mgh\Desktop\팔 붕붕이\Framework\Engine\Public\Camera.h(30,13): warning C4251: 'Engine::CCamera::m_matView': struct 'D3DXMATRIX'에서는 class 'Engine::CCamera'의 클라이언트에서 DLL 인터페이스를 사용하도록 지정해야 합니다.
C:\Program Files (x86)\Microsoft DirectX SDK (June 2010)\Include\d3dx9math.h(312): message : 'D3DXMATRIX' 선언을 참조하십시오.
C:\Users\Mgh\Desktop\팔 붕붕이\Framework\Engine\Public\Camera.h(31,13): warning C4251: 'Engine::CCamera::m_matProj': struct 'D3DXMATRIX'에서는 class 'Engine::CCamera'의 클라이언트에서 DLL 인터페이스를 사용하도록 지정해야 합니다.
C:\Program Files (x86)\Microsoft DirectX SDK (June 2010)\Include\d3dx9math.h(312): message : 'D3DXMATRIX' 선언을 참조하십시오.
  Object_Manager.cpp
  Renderer.cpp
C:\Users\Mgh\Desktop\팔 붕붕이\Framework\Engine\Public\Renderer.h(30,30): warning C4251: 'Engine::CRenderer::m_RenderObjects': class 'std::list<Engine::CGameObject *,std::allocator<Engine::CGameObject *>>'에서는 class 'Engine::CRenderer'의 클라이언트에서 DLL 인터페이스를 사용하도록 지정해야 합니다.
C:\Users\Mgh\Desktop\팔 붕붕이\Framework\Engine\Public\Renderer.h(30): message : 'std::list<Engine::CGameObject *,std::allocator<Engine::CGameObject *>>' 선언을 참조하십시오.
  ThirdPersonCamera.cpp
C:\Users\Mgh\Desktop\팔 붕붕이\Framework\Engine\Public\Camera.h(29,10): warning C4251: 'Engine::CCamera::m_vOffset': struct 'D3DXVECTOR3'에서는 class 'Engine::CCamera'의 클라이언트에서 DLL 인터페이스를 사용하도록 지정해야 합니다.
C:\Program Files (x86)\Microsoft DirectX SDK (June 2010)\Include\d3dx9math.h(162): message : 'D3DXVECTOR3' 선언을 참조하십시오.
C:\Users\Mgh\Desktop\팔 붕붕이\Framework\Engine\Public\Camera.h(30,13): warning C4251: 'Engine::CCamera::m_matView': struct 'D3DXMATRIX'에서는 class 'Engine::CCamera'의 클라이언트에서 DLL 인터페이스를 사용하도록 지정해야 합니다.
C:\Program Files (x86)\Microsoft DirectX SDK (June 2010)\Include\d3dx9math.h(312): message : 'D3DXMATRIX' 선언을 참조하십시오.
C:\Users\Mgh\Desktop\팔 붕붕이\Framework\Engine\Public\Camera.h(31,13): warning C4251: 'Engine::CCamera::m_matProj': struct 'D3DXMATRIX'에서는 class 'Engine::CCamera'의 클라이언트에서 DLL 인터페이스를 사용하도록 지정해야 합니다.
C:\Program Files (x86)\Microsoft DirectX SDK (June 2010)\Include\d3dx9math.h(312): message : 'D3DXMATRIX' 선언을 참조하십시오.
  Transform.cpp
C:\Users\Mgh\Desktop\팔 붕붕이\Framework\Engine\Public\Transform.h(29,10): warning C4251: 'Engine::CTransform::m_vPosition': struct 'D3DXVECTOR3'에서는 class 'Engine::CTransform'의 클라이언트에서 DLL 인터페이스를 사용하도록 지정해야 합니다.
C:\Program Files (x86)\Microsoft DirectX SDK (June 2010)\Include\d3dx9math.h(162): message : 'D3DXVECTOR3' 선언을 참조하십시오.
C:\Users\Mgh\Desktop\팔 붕붕이\Framework\Engine\Public\Transform.h(30,10): warning C4251: 'Engine::CTransform::m_vAngle': struct 'D3DXVECTOR3'에서는 class 'Engine::CTransform'의 클라이언트에서 DLL 인터페이스를 사용하도록 지정해야 합니다.
C:\Program Files (x86)\Microsoft DirectX SDK (June 2010)\Include\d3dx9math.h(162): message : 'D3DXVECTOR3' 선언을 참조하십시오.
C:\Users\Mgh\Desktop\팔 붕붕이\Framework\Engine\Public\Transform.h(31,10): warning C4251: 'Engine::CTransform::m_vScale': struct 'D3DXVECTOR3'에서는 class 'Engine::CTransform'의 클라이언트에서 DLL 인터페이스를 사용하도록 지정해야 합니다.
C:\Program Files (x86)\Microsoft DirectX SDK (June 2010)\Include\d3dx9math.h(162): message : 'D3DXVECTOR3' 선언을 참조하십시오.
C:\Users\Mgh\Desktop\팔 붕붕이\Framework\Engine\Public\Transform.h(33,12): warning C4251: 'Engine::CTransform::m_matWorld': struct 'D3DXMATRIX'에서는 class 'Engine::CTransform'의 클라이언트에서 DLL 인터페이스를 사용하도록 지정해야 합니다.
C:\Program Files (x86)\Microsoft DirectX SDK (June 2010)\Include\d3dx9math.h(312): message : 'D3DXMATRIX' 선언을 참조하십시오.
  VIBuffer.cpp
  VIBuffer_Cube.cpp
  VIBuffer_Rect.cpp
  코드를 생성하고 있습니다...
     ../Bin/Engine.lib 라이브러리 및 ../Bin/Engine.exp 개체를 생성하고 있습니다.
  Engine.vcxproj -> C:\Users\Mgh\Desktop\팔 붕붕이\Framework\Engine\Bin\Engine.dll
